  File "/Users/divyanshchugh/Desktop/chat bot/user_bot.py", line 5047
    f"Please enter the code you received by either:\n""\n
                                                      ^
SyntaxError: unterminated string literal (detected at line 5047)
  File "/Users/divyanshchugh/Desktop/chat bot/user_bot.py", line 5047
    f"Please enter the code you received by either:\n""\n
                                                      ^
SyntaxError: unterminated string literal (detected at line 5047)
  File "/Users/divyanshchugh/Desktop/chat bot/user_bot.py", line 5047
    f"Please enter the code you received by either:\n""\n
                                                      ^
SyntaxError: unterminated string literal (detected at line 5047)
  File "/Users/divyanshchugh/Desktop/chat bot/user_bot.py", line 5047
    f"Please enter the code you received by either:\n""\n
                                                      ^
SyntaxError: unterminated string literal (detected at line 5047)
  File "/Users/divyanshchugh/Desktop/chat bot/user_bot.py", line 5047
    f"Please enter the code you received by either:\n""\n
                                                      ^
SyntaxError: unterminated string literal (detected at line 5047)
  File "/Users/divyanshchugh/Desktop/chat bot/user_bot.py", line 5047
    f"Please enter the code you received by either:\n""\n
                                                      ^
SyntaxError: unterminated string literal (detected at line 5047)
  File "/Users/divyanshchugh/Desktop/chat bot/user_bot.py", line 5047
    f"Please enter the code you received by either:\n""\n
                                                      ^
SyntaxError: unterminated string literal (detected at line 5047)
  File "/Users/divyanshchugh/Desktop/chat bot/user_bot.py", line 5047
    f"Please enter the code you received by either:\n""\n
                                                      ^
SyntaxError: unterminated string literal (detected at line 5047)
  File "/Users/divyanshchugh/Desktop/chat bot/user_bot.py", line 5047
    f"Please enter the code you received by either:\n""\n
                                                      ^
SyntaxError: unterminated string literal (detected at line 5047)
  File "/Users/divyanshchugh/Desktop/chat bot/user_bot.py", line 5047
    f"Please enter the code you received by either:\n""\n
                                                      ^
SyntaxError: unterminated string literal (detected at line 5047)
  File "/Users/divyanshchugh/Desktop/chat bot/user_bot.py", line 5047
    f"Please enter the code you received by either:\n""\n
                                                      ^
SyntaxError: unterminated string literal (detected at line 5047)
  File "/Users/divyanshchugh/Desktop/chat bot/user_bot.py", line 5047
    f"Please enter the code you received by either:\n""\n
                                                      ^
SyntaxError: unterminated string literal (detected at line 5047)
  File "/Users/divyanshchugh/Desktop/chat bot/user_bot.py", line 5047
    f"Please enter the code you received by either:\n""\n
                                                      ^
SyntaxError: unterminated string literal (detected at line 5047)
  File "/Users/divyanshchugh/Desktop/chat bot/user_bot.py", line 5047
    f"Please enter the code you received by either:\n""\n
                                                      ^
SyntaxError: unterminated string literal (detected at line 5047)
  File "/Users/divyanshchugh/Desktop/chat bot/user_bot.py", line 5047
    f"Please enter the code you received by either:\n""\n
                                                      ^
SyntaxError: unterminated string literal (detected at line 5047)
  File "/Users/divyanshchugh/Desktop/chat bot/user_bot.py", line 5047
    f"Please enter the code you received by either:\n""\n
                                                      ^
SyntaxError: unterminated string literal (detected at line 5047)
  File "/Users/divyanshchugh/Desktop/chat bot/user_bot.py", line 5047
    f"Please enter the code you received by either:\n""\n
                                                      ^
SyntaxError: unterminated string literal (detected at line 5047)
  File "/Users/divyanshchugh/Desktop/chat bot/user_bot.py", line 5047
    f"Please enter the code you received by either:\n""\n
                                                      ^
SyntaxError: unterminated string literal (detected at line 5047)
  File "/Users/divyanshchugh/Desktop/chat bot/user_bot.py", line 5047
    f"Please enter the code you received by either:\n""\n
                                                      ^
SyntaxError: unterminated string literal (detected at line 5047)
  File "/Users/divyanshchugh/Desktop/chat bot/user_bot.py", line 5047
    f"Please enter the code you received by either:\n""\n
                                                      ^
SyntaxError: unterminated string literal (detected at line 5047)
  File "/Users/divyanshchugh/Desktop/chat bot/user_bot.py", line 5047
    f"Please enter the code you received by either:\n""\n
                                                      ^
SyntaxError: unterminated string literal (detected at line 5047)
  File "/Users/divyanshchugh/Desktop/chat bot/user_bot.py", line 5047
    f"Please enter the code you received by either:\n""\n
                                                      ^
SyntaxError: unterminated string literal (detected at line 5047)
  File "/Users/divyanshchugh/Desktop/chat bot/user_bot.py", line 5047
    f"Please enter the code you received by either:\n""\n
                                                      ^
SyntaxError: unterminated string literal (detected at line 5047)
  File "/Users/divyanshchugh/Desktop/chat bot/user_bot.py", line 5047
    f"Please enter the code you received by either:\n""\n
                                                      ^
SyntaxError: unterminated string literal (detected at line 5047)
  File "/Users/divyanshchugh/Desktop/chat bot/user_bot.py", line 5047
    f"Please enter the code you received by either:\n""\n
                                                      ^
SyntaxError: unterminated string literal (detected at line 5047)
  File "/Users/divyanshchugh/Desktop/chat bot/user_bot.py", line 5047
    f"Please enter the code you received by either:\n""\n
                                                      ^
SyntaxError: unterminated string literal (detected at line 5047)
  File "/Users/divyanshchugh/Desktop/chat bot/user_bot.py", line 5047
    f"Please enter the code you received by either:\n
    ^
SyntaxError: unterminated f-string literal (detected at line 5047)
  File "/Users/divyanshchugh/Desktop/chat bot/user_bot.py", line 5047
    f"Please enter the code you received by either:\n
    ^
SyntaxError: unterminated f-string literal (detected at line 5047)
  File "/Users/divyanshchugh/Desktop/chat bot/user_bot.py", line 5047
    f"Please enter the code you received by either:\n
    ^
SyntaxError: unterminated f-string literal (detected at line 5047)
  File "/Users/divyanshchugh/Desktop/chat bot/user_bot.py", line 5047
    f"Please enter the code you received by either:\n
    ^
SyntaxError: unterminated f-string literal (detected at line 5047)
  File "/Users/divyanshchugh/Desktop/chat bot/user_bot.py", line 5047
    f"Please enter the code you received by either:\n
    ^
SyntaxError: unterminated f-string literal (detected at line 5047)
  File "/Users/divyanshchugh/Desktop/chat bot/user_bot.py", line 5047
    f"Please enter the code you received by either:\n
    ^
SyntaxError: unterminated f-string literal (detected at line 5047)
  File "/Users/divyanshchugh/Desktop/chat bot/user_bot.py", line 5047
    f"Please enter the code you received by either:\n
    ^
SyntaxError: unterminated f-string literal (detected at line 5047)
  File "/Users/divyanshchugh/Desktop/chat bot/user_bot.py", line 5047
    f"Please enter the code you received by either:\n
    ^
SyntaxError: unterminated f-string literal (detected at line 5047)
  File "/Users/divyanshchugh/Desktop/chat bot/user_bot.py", line 5047
    f"Please enter the code you received by either:\n
    ^
SyntaxError: unterminated f-string literal (detected at line 5047)
  File "/Users/divyanshchugh/Desktop/chat bot/user_bot.py", line 5047
    f"Please enter the code you received by either:\n""\n
                                                      ^
SyntaxError: unterminated string literal (detected at line 5047)
  File "/Users/divyanshchugh/Desktop/chat bot/user_bot.py", line 5047
    f"Please enter the code you received:\n
    ^
SyntaxError: unterminated f-string literal (detected at line 5047)
  File "/Users/divyanshchugh/Desktop/chat bot/user_bot.py", line 5047
    f"Please enter the code you received:\n
    ^
SyntaxError: unterminated f-string literal (detected at line 5047)
  File "/Users/divyanshchugh/Desktop/chat bot/user_bot.py", line 5047
    f"Please enter the code you received:\n
    ^
SyntaxError: unterminated f-string literal (detected at line 5047)
  File "/Users/divyanshchugh/Desktop/chat bot/user_bot.py", line 5047
    f"Please enter the code you received by either:\n""\n
                                                      ^
SyntaxError: unterminated string literal (detected at line 5047)
  File "/Users/divyanshchugh/Desktop/chat bot/user_bot.py", line 5047
    f"Please enter the code you received by either:\n""\n
                                                      ^
SyntaxError: unterminated string literal (detected at line 5047)
  File "/Users/divyanshchugh/Desktop/chat bot/user_bot.py", line 5047
    f"Please enter the code you received by either:\n""\n
                                                      ^
SyntaxError: unterminated string literal (detected at line 5047)
  File "/Users/divyanshchugh/Desktop/chat bot/user_bot.py", line 5047
    f"Please enter the code you received by either:\n""\n
                                                      ^
SyntaxError: unterminated string literal (detected at line 5047)
  File "/Users/divyanshchugh/Desktop/chat bot/user_bot.py", line 5047
    f"Please enter the code you received by either:\n""\n
                                                      ^
SyntaxError: unterminated string literal (detected at line 5047)
  File "/Users/divyanshchugh/Desktop/chat bot/user_bot.py", line 5047
    f"Please enter the code you received by either:\n""\n
                                                      ^
SyntaxError: unterminated string literal (detected at line 5047)
  File "/Users/divyanshchugh/Desktop/chat bot/user_bot.py", line 5047
    f"Please enter the code you received by either:\n""\n
                                                      ^
SyntaxError: unterminated string literal (detected at line 5047)
  File "/Users/divyanshchugh/Desktop/chat bot/user_bot.py", line 5047
    f"Please enter the code you received by either:\n""\n
                                                      ^
SyntaxError: unterminated string literal (detected at line 5047)
2025-04-04 16:20:40,042 - pyrogram.connection.connection - INFO - Connecting...
2025-04-04 16:20:40,148 - pyrogram.connection.connection - INFO - Connected! Production DC5 - IPv4
2025-04-04 16:20:40,148 - pyrogram.session.session - INFO - NetworkTask started
2025-04-04 16:20:40,641 - pyrogram.session.session - INFO - Session initialized: Layer 158
2025-04-04 16:20:40,641 - pyrogram.session.session - INFO - Device: CPython 3.13.2 - Pyrogram 2.0.106
2025-04-04 16:20:40,641 - pyrogram.session.session - INFO - System: Darwin 24.3.0 (en)
2025-04-04 16:20:40,642 - pyrogram.session.session - INFO - Session started
2025-04-04 16:20:40,651 - pyrogram.session.session - INFO - PingTask started
2025-04-04 16:20:40,876 - pyrogram.dispatcher - INFO - Started 12 HandlerTasks
2025-04-04 16:46:36,776 - pyrogram.connection.connection - INFO - Connecting...
2025-04-04 16:46:36,920 - pyrogram.connection.connection - INFO - Connected! Production DC5 - IPv4
2025-04-04 16:46:36,920 - pyrogram.session.session - INFO - NetworkTask started
2025-04-04 16:46:37,305 - pyrogram.session.session - INFO - Session initialized: Layer 158
2025-04-04 16:46:37,305 - pyrogram.session.session - INFO - Device: CPython 3.13.2 - Pyrogram 2.0.106
2025-04-04 16:46:37,305 - pyrogram.session.session - INFO - System: Darwin 24.3.0 (en)
2025-04-04 16:46:37,305 - pyrogram.session.session - INFO - Session started
2025-04-04 16:46:37,314 - pyrogram.session.session - INFO - PingTask started
2025-04-04 16:46:37,524 - pyrogram.dispatcher - INFO - Started 12 HandlerTasks
  File "/Users/divyanshchugh/Desktop/chat bot/user_bot.py", line 6741
    f"🔄 Signing in with code {code} for {phone_number}...
    ^
SyntaxError: unterminated f-string literal (detected at line 6741)
  File "/Users/divyanshchugh/Desktop/chat bot/user_bot.py", line 6741
    f"🔄 Signing in with code {code} for {phone_number}...
    ^
SyntaxError: unterminated f-string literal (detected at line 6741)
  File "/Users/divyanshchugh/Desktop/chat bot/user_bot.py", line 6741
    f"🔄 Signing in with code {code} for {phone_number}...
    ^
SyntaxError: unterminated f-string literal (detected at line 6741)
  File "/Users/divyanshchugh/Desktop/chat bot/user_bot.py", line 6741
    f"🔄 Signing in with code {code} for {phone_number}...
    ^
SyntaxError: unterminated f-string literal (detected at line 6741)
  File "/Users/divyanshchugh/Desktop/chat bot/user_bot.py", line 6741
    f"🔄 Signing in with code {code} for {phone_number}...
    ^
SyntaxError: unterminated f-string literal (detected at line 6741)
  File "/Users/divyanshchugh/Desktop/chat bot/user_bot.py", line 6741
    f"🔄 Signing in with code {code} for {phone_number}...
    ^
SyntaxError: unterminated f-string literal (detected at line 6741)
  File "/Users/divyanshchugh/Desktop/chat bot/user_bot.py", line 6741
    f"🔄 Signing in with code {code} for {phone_number}...
    ^
SyntaxError: unterminated f-string literal (detected at line 6741)
2025-04-04 17:33:12,842 - pyrogram.connection.connection - INFO - Connecting...
2025-04-04 17:33:12,940 - pyrogram.connection.connection - INFO - Connected! Production DC5 - IPv4
2025-04-04 17:33:12,940 - pyrogram.session.session - INFO - NetworkTask started
2025-04-04 17:33:13,458 - pyrogram.session.session - INFO - Session initialized: Layer 158
2025-04-04 17:33:13,459 - pyrogram.session.session - INFO - Device: CPython 3.13.2 - Pyrogram 2.0.106
2025-04-04 17:33:13,459 - pyrogram.session.session - INFO - System: Darwin 24.3.0 (en)
2025-04-04 17:33:13,459 - pyrogram.session.session - INFO - Session started
2025-04-04 17:33:13,466 - pyrogram.session.session - INFO - PingTask started
2025-04-04 17:33:13,741 - pyrogram.dispatcher - INFO - Started 12 HandlerTasks
2025-04-04 17:35:58,085 - telethon.network.mtprotosender - INFO - Connecting to 91.108.56.103:443/TcpFull...
2025-04-04 17:35:58,184 - telethon.network.mtprotosender - INFO - Connection to 91.108.56.103:443/TcpFull complete!
2025-04-04 17:35:59,147 - telethon.client.users - WARNING - Telegram is having internal issues AuthRestartError: Restart the authorization process (caused by SendCodeRequest)
2025-04-04 17:36:01,524 - telethon.network.mtprotosender - INFO - Disconnecting from 91.108.56.103:443/TcpFull...
2025-04-04 17:36:01,526 - telethon.network.mtprotosender - INFO - Disconnection from 91.108.56.103:443/TcpFull complete!
2025-04-04 17:36:19,475 - telethon.network.mtprotosender - INFO - Connecting to 91.108.56.103:443/TcpFull...
2025-04-04 17:36:19,564 - telethon.network.mtprotosender - INFO - Connection to 91.108.56.103:443/TcpFull complete!
2025-04-04 17:38:28,075 - telethon.network.mtprotosender - INFO - Connecting to 149.154.167.51:443/TcpFull...
2025-04-04 17:38:30,178 - telethon.network.mtprotosender - INFO - Connection to 149.154.167.51:443/TcpFull complete!
2025-04-04 17:38:31,265 - telethon.client.users - INFO - Phone migrated to 5
2025-04-04 17:38:31,266 - telethon.client.telegrambaseclient - INFO - Reconnecting to new data center 5
2025-04-04 17:38:31,445 - telethon.network.mtprotosender - INFO - Disconnecting from 149.154.167.51:443/TcpFull...
2025-04-04 17:38:31,446 - telethon.network.mtprotosender - INFO - Disconnection from 149.154.167.51:443/TcpFull complete!
2025-04-04 17:38:31,447 - telethon.network.mtprotosender - INFO - Connecting to 91.108.56.103:443/TcpFull...
2025-04-04 17:38:33,012 - telethon.network.mtprotosender - INFO - Connection to 91.108.56.103:443/TcpFull complete!
2025-04-04 17:38:33,637 - telethon.network.mtprotosender - INFO - Disconnecting from 91.108.56.103:443/TcpFull...
2025-04-04 17:38:33,638 - telethon.network.mtprotosender - INFO - Disconnection from 91.108.56.103:443/TcpFull complete!
2025-04-04 17:38:44,877 - telethon.network.mtprotosender - INFO - Connecting to 91.108.56.103:443/TcpFull...
2025-04-04 17:38:44,982 - telethon.network.mtprotosender - INFO - Connection to 91.108.56.103:443/TcpFull complete!
2025-04-04 17:38:45,837 - telethon.network.mtprotosender - INFO - Disconnecting from 91.108.56.103:443/TcpFull...
2025-04-04 17:38:45,840 - telethon.network.mtprotosender - INFO - Disconnection from 91.108.56.103:443/TcpFull complete!
2025-04-04 17:38:45,845 - pyrogram.parser.html - INFO - Unclosed tags: <pre> (x1)
2025-04-04 17:38:56,102 - telethon.network.mtprotosender - INFO - Connecting to 91.108.56.103:443/TcpFull...
2025-04-04 17:38:56,205 - telethon.network.mtprotosender - INFO - Connection to 91.108.56.103:443/TcpFull complete!
2025-04-04 17:39:34,013 - telethon.network.mtprotosender - INFO - Connecting to 149.154.167.51:443/TcpFull...
2025-04-04 17:39:35,988 - telethon.network.mtprotosender - INFO - Connection to 149.154.167.51:443/TcpFull complete!
2025-04-04 17:39:37,970 - telethon.client.users - INFO - Phone migrated to 5
2025-04-04 17:39:37,971 - telethon.client.telegrambaseclient - INFO - Reconnecting to new data center 5
2025-04-04 17:39:37,974 - telethon.network.mtprotosender - INFO - Disconnecting from 149.154.167.51:443/TcpFull...
2025-04-04 17:39:37,975 - telethon.network.mtprotosender - INFO - Disconnection from 149.154.167.51:443/TcpFull complete!
2025-04-04 17:39:37,975 - telethon.network.mtprotosender - INFO - Connecting to 91.108.56.103:443/TcpFull...
2025-04-04 17:39:40,121 - telethon.network.mtprotosender - INFO - Connection to 91.108.56.103:443/TcpFull complete!
2025-04-04 17:39:40,886 - telethon.network.mtprotosender - INFO - Disconnecting from 91.108.56.103:443/TcpFull...
2025-04-04 17:39:40,888 - telethon.network.mtprotosender - INFO - Disconnection from 91.108.56.103:443/TcpFull complete!
2025-04-04 17:42:27,072 - telethon.network.mtprotosender - INFO - Connecting to 91.108.56.103:443/TcpFull...
2025-04-04 17:42:27,165 - telethon.network.mtprotosender - INFO - Connection to 91.108.56.103:443/TcpFull complete!
2025-04-04 17:42:28,166 - telethon.network.mtprotosender - INFO - Disconnecting from 91.108.56.103:443/TcpFull...
2025-04-04 17:42:28,168 - telethon.network.mtprotosender - INFO - Disconnection from 91.108.56.103:443/TcpFull complete!
  File "/Users/divyanshchugh/Desktop/chat bot/user_bot.py", line 6188
    tmp_state = user_states[user_id].copy()
IndentationError: expected an indented block after 'if' statement on line 6186
  File "/Users/divyanshchugh/Desktop/chat bot/user_bot.py", line 6188
    tmp_state = user_states[user_id].copy()
IndentationError: expected an indented block after 'if' statement on line 6186
  File "/Users/divyanshchugh/Desktop/chat bot/user_bot.py", line 6188
    tmp_state = user_states[user_id].copy()
IndentationError: expected an indented block after 'if' statement on line 6186
  File "/Users/divyanshchugh/Desktop/chat bot/user_bot.py", line 6188
    tmp_state = user_states[user_id].copy()
IndentationError: expected an indented block after 'if' statement on line 6186
  File "/Users/divyanshchugh/Desktop/chat bot/user_bot.py", line 6189
    tmp_state = user_states[user_id].copy()
IndentationError: expected an indented block after 'if' statement on line 6186
  File "/Users/divyanshchugh/Desktop/chat bot/user_bot.py", line 6189
    tmp_state = user_states[user_id].copy()
IndentationError: expected an indented block after 'if' statement on line 6186
  File "/Users/divyanshchugh/Desktop/chat bot/user_bot.py", line 6189
    tmp_state = user_states[user_id].copy()
IndentationError: expected an indented block after 'if' statement on line 6186
  File "/Users/divyanshchugh/Desktop/chat bot/user_bot.py", line 6189
    tmp_state = user_states[user_id].copy()
IndentationError: expected an indented block after 'if' statement on line 6186
  File "/Users/divyanshchugh/Desktop/chat bot/user_bot.py", line 6189
    tmp_state = user_states[user_id].copy()
IndentationError: expected an indented block after 'if' statement on line 6186
  File "/Users/divyanshchugh/Desktop/chat bot/user_bot.py", line 6189
    tmp_state = user_states[user_id].copy()
IndentationError: expected an indented block after 'if' statement on line 6186
  File "/Users/divyanshchugh/Desktop/chat bot/user_bot.py", line 6189
    tmp_state = user_states[user_id].copy()
IndentationError: expected an indented block after 'if' statement on line 6186
  File "/Users/divyanshchugh/Desktop/chat bot/user_bot.py", line 6189
    tmp_state = user_states[user_id].copy()
IndentationError: expected an indented block after 'if' statement on line 6186
  File "/Users/divyanshchugh/Desktop/chat bot/user_bot.py", line 6189
    tmp_state = user_states[user_id].copy()
IndentationError: expected an indented block after 'if' statement on line 6186
  File "/Users/divyanshchugh/Desktop/chat bot/user_bot.py", line 6189
    tmp_state = user_states[user_id].copy()
IndentationError: expected an indented block after 'if' statement on line 6186
  File "/Users/divyanshchugh/Desktop/chat bot/user_bot.py", line 6189
    tmp_state = user_states[user_id].copy()
IndentationError: expected an indented block after 'if' statement on line 6186
  File "/Users/divyanshchugh/Desktop/chat bot/user_bot.py", line 6189
    tmp_state = user_states[user_id].copy()
IndentationError: expected an indented block after 'if' statement on line 6186
  File "/Users/divyanshchugh/Desktop/chat bot/user_bot.py", line 6189
    tmp_state = user_states[user_id].copy()
IndentationError: expected an indented block after 'if' statement on line 6186
  File "/Users/divyanshchugh/Desktop/chat bot/user_bot.py", line 6189
    tmp_state = user_states[user_id].copy()
IndentationError: expected an indented block after 'if' statement on line 6186
  File "/Users/divyanshchugh/Desktop/chat bot/user_bot.py", line 6189
    tmp_state = user_states[user_id].copy()
IndentationError: expected an indented block after 'if' statement on line 6186
  File "/Users/divyanshchugh/Desktop/chat bot/user_bot.py", line 6189
    tmp_state = user_states[user_id].copy()
IndentationError: expected an indented block after 'if' statement on line 6186
  File "/Users/divyanshchugh/Desktop/chat bot/user_bot.py", line 6189
    tmp_state = user_states[user_id].copy()
IndentationError: expected an indented block after 'if' statement on line 6186
  File "/Users/divyanshchugh/Desktop/chat bot/user_bot.py", line 6189
    tmp_state = user_states[user_id].copy()
IndentationError: expected an indented block after 'if' statement on line 6186
  File "/Users/divyanshchugh/Desktop/chat bot/user_bot.py", line 6189
    tmp_state = user_states[user_id].copy()
IndentationError: expected an indented block after 'if' statement on line 6186
  File "/Users/divyanshchugh/Desktop/chat bot/user_bot.py", line 6189
    tmp_state = user_states[user_id].copy()
IndentationError: expected an indented block after 'if' statement on line 6186
  File "/Users/divyanshchugh/Desktop/chat bot/user_bot.py", line 6189
    tmp_state = user_states[user_id].copy()
IndentationError: expected an indented block after 'if' statement on line 6186
  File "/Users/divyanshchugh/Desktop/chat bot/user_bot.py", line 6189
    tmp_state = user_states[user_id].copy()
IndentationError: expected an indented block after 'if' statement on line 6186
  File "/Users/divyanshchugh/Desktop/chat bot/user_bot.py", line 6189
    tmp_state = user_states[user_id].copy()
IndentationError: expected an indented block after 'if' statement on line 6186
  File "/Users/divyanshchugh/Desktop/chat bot/user_bot.py", line 6189
    tmp_state = user_states[user_id].copy()
IndentationError: expected an indented block after 'if' statement on line 6186
  File "/Users/divyanshchugh/Desktop/chat bot/user_bot.py", line 6189
    tmp_state = user_states[user_id].copy()
IndentationError: expected an indented block after 'if' statement on line 6186
  File "/Users/divyanshchugh/Desktop/chat bot/user_bot.py", line 6189
    tmp_state = user_states[user_id].copy()
IndentationError: expected an indented block after 'if' statement on line 6186
  File "/Users/divyanshchugh/Desktop/chat bot/user_bot.py", line 6189
    tmp_state = user_states[user_id].copy()
IndentationError: expected an indented block after 'if' statement on line 6186
  File "/Users/divyanshchugh/Desktop/chat bot/user_bot.py", line 6189
    tmp_state = user_states[user_id].copy()
IndentationError: expected an indented block after 'if' statement on line 6186
  File "/Users/divyanshchugh/Desktop/chat bot/user_bot.py", line 6189
    tmp_state = user_states[user_id].copy()
IndentationError: expected an indented block after 'if' statement on line 6186
  File "/Users/divyanshchugh/Desktop/chat bot/user_bot.py", line 6189
    tmp_state = user_states[user_id].copy()
IndentationError: expected an indented block after 'if' statement on line 6186
  File "/Users/divyanshchugh/Desktop/chat bot/user_bot.py", line 6189
    tmp_state = user_states[user_id].copy()
IndentationError: expected an indented block after 'if' statement on line 6186
  File "/Users/divyanshchugh/Desktop/chat bot/user_bot.py", line 6189
    tmp_state = user_states[user_id].copy()
IndentationError: expected an indented block after 'if' statement on line 6186
  File "/Users/divyanshchugh/Desktop/chat bot/user_bot.py", line 6189
    tmp_state = user_states[user_id].copy()
IndentationError: expected an indented block after 'if' statement on line 6186
  File "/Users/divyanshchugh/Desktop/chat bot/user_bot.py", line 6189
    tmp_state = user_states[user_id].copy()
IndentationError: expected an indented block after 'if' statement on line 6186
  File "/Users/divyanshchugh/Desktop/chat bot/user_bot.py", line 6189
    tmp_state = user_states[user_id].copy()
IndentationError: expected an indented block after 'if' statement on line 6186
  File "/Users/divyanshchugh/Desktop/chat bot/user_bot.py", line 6189
    tmp_state = user_states[user_id].copy()
IndentationError: expected an indented block after 'if' statement on line 6186
  File "/Users/divyanshchugh/Desktop/chat bot/user_bot.py", line 6189
    tmp_state = user_states[user_id].copy()
IndentationError: expected an indented block after 'if' statement on line 6186
  File "/Users/divyanshchugh/Desktop/chat bot/user_bot.py", line 6189
    tmp_state = user_states[user_id].copy()
IndentationError: expected an indented block after 'if' statement on line 6186
  File "/Users/divyanshchugh/Desktop/chat bot/user_bot.py", line 6189
    tmp_state = user_states[user_id].copy()
IndentationError: expected an indented block after 'if' statement on line 6186
  File "/Users/divyanshchugh/Desktop/chat bot/user_bot.py", line 6189
    tmp_state = user_states[user_id].copy()
IndentationError: expected an indented block after 'if' statement on line 6186
  File "/Users/divyanshchugh/Desktop/chat bot/user_bot.py", line 6189
    tmp_state = user_states[user_id].copy()
IndentationError: expected an indented block after 'if' statement on line 6186
  File "/Users/divyanshchugh/Desktop/chat bot/user_bot.py", line 6189
    tmp_state = user_states[user_id].copy()
IndentationError: expected an indented block after 'if' statement on line 6186
  File "/Users/divyanshchugh/Desktop/chat bot/user_bot.py", line 6189
    tmp_state = user_states[user_id].copy()
IndentationError: expected an indented block after 'if' statement on line 6186
  File "/Users/divyanshchugh/Desktop/chat bot/user_bot.py", line 6189
    tmp_state = user_states[user_id].copy()
IndentationError: expected an indented block after 'if' statement on line 6186
  File "/Users/divyanshchugh/Desktop/chat bot/user_bot.py", line 6189
    tmp_state = user_states[user_id].copy()
IndentationError: expected an indented block after 'if' statement on line 6186
  File "/Users/divyanshchugh/Desktop/chat bot/user_bot.py", line 6189
    tmp_state = user_states[user_id].copy()
IndentationError: expected an indented block after 'if' statement on line 6186
  File "/Users/divyanshchugh/Desktop/chat bot/user_bot.py", line 6189
    tmp_state = user_states[user_id].copy()
IndentationError: expected an indented block after 'if' statement on line 6186
  File "/Users/divyanshchugh/Desktop/chat bot/user_bot.py", line 6189
    tmp_state = user_states[user_id].copy()
IndentationError: expected an indented block after 'if' statement on line 6186
  File "/Users/divyanshchugh/Desktop/chat bot/user_bot.py", line 6189
    tmp_state = user_states[user_id].copy()
IndentationError: expected an indented block after 'if' statement on line 6186
  File "/Users/divyanshchugh/Desktop/chat bot/user_bot.py", line 6189
    tmp_state = user_states[user_id].copy()
IndentationError: expected an indented block after 'if' statement on line 6186
  File "/Users/divyanshchugh/Desktop/chat bot/user_bot.py", line 6189
    tmp_state = user_states[user_id].copy()
IndentationError: expected an indented block after 'if' statement on line 6186
  File "/Users/divyanshchugh/Desktop/chat bot/user_bot.py", line 6189
    tmp_state = user_states[user_id].copy()
IndentationError: expected an indented block after 'if' statement on line 6186
  File "/Users/divyanshchugh/Desktop/chat bot/user_bot.py", line 6189
    tmp_state = user_states[user_id].copy()
IndentationError: expected an indented block after 'if' statement on line 6186
  File "/Users/divyanshchugh/Desktop/chat bot/user_bot.py", line 6189
    tmp_state = user_states[user_id].copy()
IndentationError: expected an indented block after 'if' statement on line 6186
  File "/Users/divyanshchugh/Desktop/chat bot/user_bot.py", line 6189
    tmp_state = user_states[user_id].copy()
IndentationError: expected an indented block after 'if' statement on line 6186
  File "/Users/divyanshchugh/Desktop/chat bot/user_bot.py", line 6189
    tmp_state = user_states[user_id].copy()
IndentationError: expected an indented block after 'if' statement on line 6186
  File "/Users/divyanshchugh/Desktop/chat bot/user_bot.py", line 6189
    tmp_state = user_states[user_id].copy()
IndentationError: expected an indented block after 'if' statement on line 6186
  File "/Users/divyanshchugh/Desktop/chat bot/user_bot.py", line 6189
    tmp_state = user_states[user_id].copy()
IndentationError: expected an indented block after 'if' statement on line 6186
  File "/Users/divyanshchugh/Desktop/chat bot/user_bot.py", line 6189
    tmp_state = user_states[user_id].copy()
IndentationError: expected an indented block after 'if' statement on line 6186
  File "/Users/divyanshchugh/Desktop/chat bot/user_bot.py", line 6189
    tmp_state = user_states[user_id].copy()
IndentationError: expected an indented block after 'if' statement on line 6186
  File "/Users/divyanshchugh/Desktop/chat bot/user_bot.py", line 6189
    tmp_state = user_states[user_id].copy()
IndentationError: expected an indented block after 'if' statement on line 6186
  File "/Users/divyanshchugh/Desktop/chat bot/user_bot.py", line 6189
    tmp_state = user_states[user_id].copy()
IndentationError: expected an indented block after 'if' statement on line 6186
  File "/Users/divyanshchugh/Desktop/chat bot/user_bot.py", line 6189
    tmp_state = user_states[user_id].copy()
IndentationError: expected an indented block after 'if' statement on line 6186
  File "/Users/divyanshchugh/Desktop/chat bot/user_bot.py", line 6189
    tmp_state = user_states[user_id].copy()
IndentationError: expected an indented block after 'if' statement on line 6186
  File "/Users/divyanshchugh/Desktop/chat bot/user_bot.py", line 6189
    tmp_state = user_states[user_id].copy()
IndentationError: expected an indented block after 'if' statement on line 6186
  File "/Users/divyanshchugh/Desktop/chat bot/user_bot.py", line 6189
    tmp_state = user_states[user_id].copy()
IndentationError: expected an indented block after 'if' statement on line 6186
  File "/Users/divyanshchugh/Desktop/chat bot/user_bot.py", line 6189
    tmp_state = user_states[user_id].copy()
IndentationError: expected an indented block after 'if' statement on line 6186
  File "/Users/divyanshchugh/Desktop/chat bot/user_bot.py", line 6189
    tmp_state = user_states[user_id].copy()
IndentationError: expected an indented block after 'if' statement on line 6186
  File "/Users/divyanshchugh/Desktop/chat bot/user_bot.py", line 6189
    tmp_state = user_states[user_id].copy()
IndentationError: expected an indented block after 'if' statement on line 6186
  File "/Users/divyanshchugh/Desktop/chat bot/user_bot.py", line 6189
    tmp_state = user_states[user_id].copy()
IndentationError: expected an indented block after 'if' statement on line 6186
  File "/Users/divyanshchugh/Desktop/chat bot/user_bot.py", line 6189
    tmp_state = user_states[user_id].copy()
IndentationError: expected an indented block after 'if' statement on line 6186
  File "/Users/divyanshchugh/Desktop/chat bot/user_bot.py", line 6189
    tmp_state = user_states[user_id].copy()
IndentationError: expected an indented block after 'if' statement on line 6186
  File "/Users/divyanshchugh/Desktop/chat bot/user_bot.py", line 6189
    tmp_state = user_states[user_id].copy()
IndentationError: expected an indented block after 'if' statement on line 6186
  File "/Users/divyanshchugh/Desktop/chat bot/user_bot.py", line 6190
    tmp_state["step"] = "waiting_for_2fa"
    ^^^^^^^^^
SyntaxError: expected 'except' or 'finally' block
  File "/Users/divyanshchugh/Desktop/chat bot/user_bot.py", line 6190
    tmp_state["step"] = "waiting_for_2fa"
    ^^^^^^^^^
SyntaxError: expected 'except' or 'finally' block
  File "/Users/divyanshchugh/Desktop/chat bot/user_bot.py", line 6732
    print(f"OTP State Debug: user={user_id}, states={list(user_states.keys()) if user_states else 'empty'}, message={message.text}")    print(f"Received potential OTP code from user {user_id}: {message.text}")
                                                                                                                                        ^^^^^
SyntaxError: invalid syntax
  File "/Users/divyanshchugh/Desktop/chat bot/user_bot.py", line 6732
    print(f"OTP State Debug: user={user_id}, states={list(user_states.keys()) if user_states else 'empty'}, message={message.text}")    print(f"Received potential OTP code from user {user_id}: {message.text}")
                                                                                                                                        ^^^^^
SyntaxError: invalid syntax
  File "/Users/divyanshchugh/Desktop/chat bot/user_bot.py", line 6732
    print(f"OTP State Debug: user={user_id}, states={list(user_states.keys()) if user_states else 'empty'}, message={message.text}")    print(f"Received potential OTP code from user {user_id}: {message.text}")
                                                                                                                                        ^^^^^
SyntaxError: invalid syntax
  File "/Users/divyanshchugh/Desktop/chat bot/user_bot.py", line 6732
    print(f"OTP State Debug: user={user_id}, states={list(user_states.keys()) if user_states else 'empty'}, message={message.text}")    print(f"Received potential OTP code from user {user_id}: {message.text}")
                                                                                                                                        ^^^^^
SyntaxError: invalid syntax
  File "/Users/divyanshchugh/Desktop/chat bot/user_bot.py", line 5137
    except SessionPasswordNeededError:
    ^^^^^^
SyntaxError: invalid syntax
  File "/Users/divyanshchugh/Desktop/chat bot/user_bot.py", line 5137
    except SessionPasswordNeededError:
    ^^^^^^
SyntaxError: invalid syntax
  File "/Users/divyanshchugh/Desktop/chat bot/user_bot.py", line 6188
    tmp_state = user_states[user_id].copy()
IndentationError: expected an indented block after 'if' statement on line 6186
  File "/Users/divyanshchugh/Desktop/chat bot/user_bot.py", line 6188
    tmp_state = user_states[user_id].copy()
IndentationError: expected an indented block after 'if' statement on line 6186
  File "/Users/divyanshchugh/Desktop/chat bot/user_bot.py", line 6188
    tmp_state = user_states[user_id].copy()
IndentationError: expected an indented block after 'if' statement on line 6186
  File "/Users/divyanshchugh/Desktop/chat bot/user_bot.py", line 6188
    tmp_state = user_states[user_id].copy()
IndentationError: expected an indented block after 'if' statement on line 6186
  File "/Users/divyanshchugh/Desktop/chat bot/user_bot.py", line 6188
    tmp_state = user_states[user_id].copy()
IndentationError: expected an indented block after 'if' statement on line 6186
  File "/Users/divyanshchugh/Desktop/chat bot/user_bot.py", line 6188
    tmp_state = user_states[user_id].copy()
IndentationError: expected an indented block after 'if' statement on line 6186
  File "/Users/divyanshchugh/Desktop/chat bot/user_bot.py", line 6188
    tmp_state = user_states[user_id].copy()
IndentationError: expected an indented block after 'if' statement on line 6186
  File "/Users/divyanshchugh/Desktop/chat bot/user_bot.py", line 6188
    tmp_state = user_states[user_id].copy()
IndentationError: expected an indented block after 'if' statement on line 6186
  File "/Users/divyanshchugh/Desktop/chat bot/user_bot.py", line 6188
    tmp_state = user_states[user_id].copy()
IndentationError: expected an indented block after 'if' statement on line 6186
  File "/Users/divyanshchugh/Desktop/chat bot/user_bot.py", line 6188
    tmp_state = user_states[user_id].copy()
IndentationError: expected an indented block after 'if' statement on line 6186
  File "/Users/divyanshchugh/Desktop/chat bot/user_bot.py", line 6188
    tmp_state = user_states[user_id].copy()
IndentationError: expected an indented block after 'if' statement on line 6186
  File "/Users/divyanshchugh/Desktop/chat bot/user_bot.py", line 6188
    tmp_state = user_states[user_id].copy()
IndentationError: expected an indented block after 'if' statement on line 6186
  File "/Users/divyanshchugh/Desktop/chat bot/user_bot.py", line 6188
    tmp_state = user_states[user_id].copy()
IndentationError: expected an indented block after 'if' statement on line 6186
  File "/Users/divyanshchugh/Desktop/chat bot/user_bot.py", line 6188
    tmp_state = user_states[user_id].copy()
IndentationError: expected an indented block after 'if' statement on line 6186
  File "/Users/divyanshchugh/Desktop/chat bot/user_bot.py", line 6188
    tmp_state = user_states[user_id].copy()
IndentationError: expected an indented block after 'if' statement on line 6186
  File "/Users/divyanshchugh/Desktop/chat bot/user_bot.py", line 6188
    tmp_state = user_states[user_id].copy()
IndentationError: expected an indented block after 'if' statement on line 6186
  File "/Users/divyanshchugh/Desktop/chat bot/user_bot.py", line 6188
    tmp_state = user_states[user_id].copy()
IndentationError: expected an indented block after 'if' statement on line 6186
  File "/Users/divyanshchugh/Desktop/chat bot/user_bot.py", line 6188
    tmp_state = user_states[user_id].copy()
IndentationError: expected an indented block after 'if' statement on line 6186
  File "/Users/divyanshchugh/Desktop/chat bot/user_bot.py", line 6188
    tmp_state = user_states[user_id].copy()
IndentationError: expected an indented block after 'if' statement on line 6186
  File "/Users/divyanshchugh/Desktop/chat bot/user_bot.py", line 6188
    tmp_state = user_states[user_id].copy()
IndentationError: expected an indented block after 'if' statement on line 6186
  File "/Users/divyanshchugh/Desktop/chat bot/user_bot.py", line 6189
    tmp_state["step"] = "waiting_for_2fa"
    ^^^^^^^^^
SyntaxError: expected 'except' or 'finally' block
  File "/Users/divyanshchugh/Desktop/chat bot/user_bot.py", line 6189
    tmp_state["step"] = "waiting_for_2fa"
    ^^^^^^^^^
SyntaxError: expected 'except' or 'finally' block
  File "/Users/divyanshchugh/Desktop/chat bot/user_bot.py", line 6189
    tmp_state["step"] = "waiting_for_2fa"
    ^^^^^^^^^
SyntaxError: expected 'except' or 'finally' block
  File "/Users/divyanshchugh/Desktop/chat bot/user_bot.py", line 6189
    tmp_state["step"] = "waiting_for_2fa"
    ^^^^^^^^^
SyntaxError: expected 'except' or 'finally' block
  File "/Users/divyanshchugh/Desktop/chat bot/user_bot.py", line 6820
    tmp_state["step"] = "waiting_for_2fa"
                                         ^
IndentationError: unindent does not match any outer indentation level
  File "/Users/divyanshchugh/Desktop/chat bot/user_bot.py", line 6820
    tmp_state["step"] = "waiting_for_2fa"
                                         ^
IndentationError: unindent does not match any outer indentation level
  File "/Users/divyanshchugh/Desktop/chat bot/user_bot.py", line 6820
    tmp_state["step"] = "waiting_for_2fa"
                                         ^
IndentationError: unindent does not match any outer indentation level
  File "/Users/divyanshchugh/Desktop/chat bot/user_bot.py", line 6820
    tmp_state["step"] = "waiting_for_2fa"
                                         ^
IndentationError: unindent does not match any outer indentation level
  File "/Users/divyanshchugh/Desktop/chat bot/user_bot.py", line 6820
    tmp_state["step"] = "waiting_for_2fa"
                                         ^
IndentationError: unindent does not match any outer indentation level
  File "/Users/divyanshchugh/Desktop/chat bot/user_bot.py", line 6188
    tmp_state = user_states[user_id].copy()
IndentationError: expected an indented block after 'if' statement on line 6186
  File "/Users/divyanshchugh/Desktop/chat bot/user_bot.py", line 6188
    tmp_state = user_states[user_id].copy()
IndentationError: expected an indented block after 'if' statement on line 6186
  File "/Users/divyanshchugh/Desktop/chat bot/user_bot.py", line 6188
    tmp_state = user_states[user_id].copy()
IndentationError: expected an indented block after 'if' statement on line 6186
  File "/Users/divyanshchugh/Desktop/chat bot/user_bot.py", line 6188
    tmp_state = user_states[user_id].copy()
IndentationError: expected an indented block after 'if' statement on line 6186
  File "/Users/divyanshchugh/Desktop/chat bot/user_bot.py", line 6188
    tmp_state = user_states[user_id].copy()
IndentationError: expected an indented block after 'if' statement on line 6186
  File "/Users/divyanshchugh/Desktop/chat bot/user_bot.py", line 7711
    global user_states
    ^^^^^^
IndentationError: expected an indented block after 'try' statement on line 7708
  File "/Users/divyanshchugh/Desktop/chat bot/user_bot.py", line 7711
    global user_states
    ^^^^^^
IndentationError: expected an indented block after 'try' statement on line 7708
  File "/Users/divyanshchugh/Desktop/chat bot/user_bot.py", line 6188
    tmp_state = user_states[user_id].copy()
IndentationError: expected an indented block after 'if' statement on line 6186
  File "/Users/divyanshchugh/Desktop/chat bot/user_bot.py", line 6188
    tmp_state = user_states[user_id].copy()
IndentationError: expected an indented block after 'if' statement on line 6186
  File "/Users/divyanshchugh/Desktop/chat bot/user_bot.py", line 6188
    tmp_state = user_states[user_id].copy()
IndentationError: expected an indented block after 'if' statement on line 6186
  File "/Users/divyanshchugh/Desktop/chat bot/user_bot.py", line 6188
    tmp_state = user_states[user_id].copy()
IndentationError: expected an indented block after 'if' statement on line 6186
  File "/Users/divyanshchugh/Desktop/chat bot/user_bot.py", line 6188
    tmp_state = user_states[user_id].copy()
IndentationError: expected an indented block after 'if' statement on line 6186
  File "/Users/divyanshchugh/Desktop/chat bot/user_bot.py", line 6188
    tmp_state = user_states[user_id].copy()
IndentationError: expected an indented block after 'if' statement on line 6186
2025-04-04 18:09:57,216 - pyrogram.connection.connection - INFO - Connecting...
2025-04-04 18:09:57,309 - pyrogram.connection.connection - INFO - Connected! Production DC5 - IPv4
2025-04-04 18:09:57,309 - pyrogram.session.session - INFO - NetworkTask started
2025-04-04 18:09:57,814 - pyrogram.session.session - INFO - Session initialized: Layer 158
2025-04-04 18:09:57,814 - pyrogram.session.session - INFO - Device: CPython 3.13.2 - Pyrogram 2.0.106
2025-04-04 18:09:57,814 - pyrogram.session.session - INFO - System: Darwin 24.3.0 (en)
2025-04-04 18:09:57,816 - pyrogram.session.session - INFO - Session started
2025-04-04 18:09:57,824 - pyrogram.session.session - INFO - PingTask started
2025-04-04 18:09:58,064 - pyrogram.dispatcher - INFO - Started 12 HandlerTasks
  File "/Users/divyanshchugh/Desktop/chat bot/user_bot.py", line 7711
    global user_states
    ^^^^^^
IndentationError: expected an indented block after 'try' statement on line 7708
  File "/Users/divyanshchugh/Desktop/chat bot/user_bot.py", line 7711
    global user_states
    ^^^^^^
IndentationError: expected an indented block after 'try' statement on line 7708
  File "/Users/divyanshchugh/Desktop/chat bot/user_bot.py", line 7711
    global user_states
    ^^^^^^
IndentationError: expected an indented block after 'try' statement on line 7708
  File "/Users/divyanshchugh/Desktop/chat bot/user_bot.py", line 7711
    global user_states
    ^^^^^^
IndentationError: expected an indented block after 'try' statement on line 7708
  File "/Users/divyanshchugh/Desktop/chat bot/user_bot.py", line 7712
    print("Cleared all user states at startup")
    ^^^^^
SyntaxError: expected 'except' or 'finally' block
  File "/Users/divyanshchugh/Desktop/chat bot/user_bot.py", line 7712
    print("Cleared all user states at startup")
    ^^^^^
SyntaxError: expected 'except' or 'finally' block
  File "/Users/divyanshchugh/Desktop/chat bot/user_bot.py", line 7712
    print("Cleared all user states at startup")
    ^^^^^
SyntaxError: expected 'except' or 'finally' block
2025-04-04 18:11:30,797 - pyrogram.connection.connection - INFO - Connecting...
2025-04-04 18:11:30,892 - pyrogram.connection.connection - INFO - Connected! Production DC5 - IPv4
2025-04-04 18:11:30,892 - pyrogram.session.session - INFO - NetworkTask started
2025-04-04 18:11:31,349 - pyrogram.session.session - INFO - Session initialized: Layer 158
2025-04-04 18:11:31,350 - pyrogram.session.session - INFO - Device: CPython 3.13.2 - Pyrogram 2.0.106
2025-04-04 18:11:31,350 - pyrogram.session.session - INFO - System: Darwin 24.3.0 (en)
2025-04-04 18:11:31,350 - pyrogram.session.session - INFO - Session started
2025-04-04 18:11:31,358 - pyrogram.session.session - INFO - PingTask started
2025-04-04 18:11:31,607 - pyrogram.dispatcher - INFO - Started 12 HandlerTasks
2025-04-04 18:16:19,358 - pyrogram.connection.connection - INFO - Connecting...
2025-04-04 18:16:19,483 - pyrogram.connection.connection - INFO - Connected! Production DC5 - IPv4
2025-04-04 18:16:19,483 - pyrogram.session.session - INFO - NetworkTask started
2025-04-04 18:16:20,130 - pyrogram.session.session - INFO - Session initialized: Layer 158
2025-04-04 18:16:20,131 - pyrogram.session.session - INFO - Device: CPython 3.13.2 - Pyrogram 2.0.106
2025-04-04 18:16:20,131 - pyrogram.session.session - INFO - System: Darwin 24.3.0 (en)
2025-04-04 18:16:20,131 - pyrogram.session.session - INFO - Session started
2025-04-04 18:16:20,139 - pyrogram.session.session - INFO - PingTask started
2025-04-04 18:16:20,486 - pyrogram.dispatcher - INFO - Started 12 HandlerTasks
2025-04-04 18:17:44,404 - telethon.network.mtprotosender - INFO - Connecting to 91.108.56.103:443/TcpFull...
2025-04-04 18:17:44,497 - telethon.network.mtprotosender - INFO - Connection to 91.108.56.103:443/TcpFull complete!
2025-04-04 18:18:22,016 - telethon.network.mtprotosender - INFO - Connecting to 149.154.167.51:443/TcpFull...
2025-04-04 18:18:24,660 - telethon.network.mtprotosender - INFO - Connection to 149.154.167.51:443/TcpFull complete!
2025-04-04 18:18:25,882 - telethon.client.users - INFO - Phone migrated to 5
2025-04-04 18:18:25,882 - telethon.client.telegrambaseclient - INFO - Reconnecting to new data center 5
2025-04-04 18:18:26,138 - telethon.network.mtprotosender - INFO - Disconnecting from 149.154.167.51:443/TcpFull...
2025-04-04 18:18:26,139 - telethon.network.mtprotosender - INFO - Disconnection from 149.154.167.51:443/TcpFull complete!
2025-04-04 18:18:26,139 - telethon.network.mtprotosender - INFO - Connecting to 91.108.56.103:443/TcpFull...
2025-04-04 18:18:27,688 - telethon.network.mtprotosender - INFO - Connection to 91.108.56.103:443/TcpFull complete!
2025-04-04 18:18:28,353 - telethon.network.mtprotosender - INFO - Disconnecting from 91.108.56.103:443/TcpFull...
2025-04-04 18:18:28,354 - telethon.network.mtprotosender - INFO - Disconnection from 91.108.56.103:443/TcpFull complete!
2025-04-04 18:24:31,165 - telethon.network.mtprotosender - INFO - Connecting to 149.154.167.51:443/TcpFull...
2025-04-04 18:24:32,959 - telethon.network.mtprotosender - INFO - Connection to 149.154.167.51:443/TcpFull complete!
2025-04-04 18:24:33,954 - telethon.client.users - INFO - Phone migrated to 5
2025-04-04 18:24:33,954 - telethon.client.telegrambaseclient - INFO - Reconnecting to new data center 5
2025-04-04 18:24:33,957 - telethon.network.mtprotosender - INFO - Disconnecting from 149.154.167.51:443/TcpFull...
2025-04-04 18:24:33,958 - telethon.network.mtprotosender - INFO - Disconnection from 149.154.167.51:443/TcpFull complete!
2025-04-04 18:24:33,959 - telethon.network.mtprotosender - INFO - Connecting to 91.108.56.103:443/TcpFull...
2025-04-04 18:24:35,608 - telethon.network.mtprotosender - INFO - Connection to 91.108.56.103:443/TcpFull complete!
2025-04-04 18:24:36,282 - telethon.network.mtprotosender - INFO - Disconnecting from 91.108.56.103:443/TcpFull...
2025-04-04 18:24:36,283 - telethon.network.mtprotosender - INFO - Disconnection from 91.108.56.103:443/TcpFull complete!
2025-04-04 18:25:08,917 - telethon.network.mtprotosender - INFO - Connecting to 91.108.56.103:443/TcpFull...
2025-04-04 18:25:09,015 - telethon.network.mtprotosender - INFO - Connection to 91.108.56.103:443/TcpFull complete!
2025-04-04 18:25:30,197 - telethon.network.mtprotosender - INFO - Connecting to 91.108.56.103:443/TcpFull...
2025-04-04 18:25:30,285 - telethon.network.mtprotosender - INFO - Connection to 91.108.56.103:443/TcpFull complete!
2025-04-04 18:25:31,032 - telethon.network.mtprotosender - INFO - Disconnecting from 91.108.56.103:443/TcpFull...
2025-04-04 18:25:31,034 - telethon.network.mtprotosender - INFO - Disconnection from 91.108.56.103:443/TcpFull complete!
2025-04-04 18:25:31,044 - pyrogram.parser.html - INFO - Unclosed tags: <pre> (x1)
2025-04-04 18:25:52,245 - telethon.network.mtprotosender - INFO - Connecting to 91.108.56.103:443/TcpFull...
2025-04-04 18:25:52,346 - telethon.network.mtprotosender - INFO - Connection to 91.108.56.103:443/TcpFull complete!
2025-04-04 18:58:27,974 - pyrogram.parser.html - INFO - Unclosed tags: <i> (x1)
2025-04-04 18:58:52,347 - __main__ - INFO - Processing payment screenshot from user 6936153954, payment ID: 67efde85f99d34e17138b69e
2025-04-04 18:58:52,349 - __main__ - INFO - Sending admin notification to 7536665814
2025-04-04 18:58:52,350 - pyrogram.parser.html - INFO - Unclosed tags: <i> (x1)
2025-04-04 18:58:52,484 - __main__ - INFO - Admin notification sent successfully
2025-04-04 18:58:52,771 - __main__ - INFO - Payment screenshot forwarded to admin
2025-04-04 18:59:44,213 - __main__ - INFO - Admin approval callback received: approve_6936153954_67efde85f99d34e17138b69e
2025-04-04 18:59:44,227 - telethon.network.mtprotosender - INFO - Connecting to 91.108.56.103:443/TcpFull...
2025-04-04 18:59:44,341 - telethon.network.mtprotosender - INFO - Connection to 91.108.56.103:443/TcpFull complete!
2025-04-04 19:01:23,584 - telethon.network.mtprotosender - INFO - Connecting to 91.108.56.103:443/TcpFull...
2025-04-04 19:01:23,681 - telethon.network.mtprotosender - INFO - Connection to 91.108.56.103:443/TcpFull complete!
2025-04-04 19:01:59,633 - __main__ - INFO - Processing payment screenshot from user 6936153954, payment ID: 67efdf3ff99d34e17138b69f
2025-04-04 19:01:59,635 - __main__ - INFO - Sending admin notification to 7536665814
2025-04-04 19:01:59,635 - pyrogram.parser.html - INFO - Unclosed tags: <i> (x1)
2025-04-04 19:01:59,983 - __main__ - INFO - Admin notification sent successfully
2025-04-04 19:02:00,352 - __main__ - INFO - Payment screenshot forwarded to admin
2025-04-04 19:02:03,604 - __main__ - INFO - Admin approval callback received: approve_6936153954_67efdf3ff99d34e17138b69f
2025-04-04 19:02:03,613 - telethon.network.mtprotosender - INFO - Connecting to 91.108.56.103:443/TcpFull...
2025-04-04 19:02:03,712 - telethon.network.mtprotosender - INFO - Connection to 91.108.56.103:443/TcpFull complete!
2025-04-04 19:03:48,988 - telethon.client.updates - INFO - Got difference for account updates
2025-04-04 19:04:22,415 - __main__ - INFO - Processing payment screenshot from user 6936153954, payment ID: 67efdfd3f99d34e17138b6a0
2025-04-04 19:04:22,420 - __main__ - INFO - Sending admin notification to 7536665814
2025-04-04 19:04:22,421 - pyrogram.parser.html - INFO - Unclosed tags: <i> (x1)
2025-04-04 19:04:22,555 - __main__ - INFO - Admin notification sent successfully
2025-04-04 19:04:22,695 - __main__ - INFO - Payment screenshot forwarded to admin
2025-04-04 19:04:28,688 - __main__ - INFO - Admin approval callback received: approve_6936153954_67efdfd3f99d34e17138b6a0
2025-04-04 19:04:28,697 - telethon.network.mtprotosender - INFO - Connecting to 91.108.56.103:443/TcpFull...
2025-04-04 19:04:28,794 - telethon.network.mtprotosender - INFO - Connection to 91.108.56.103:443/TcpFull complete!
2025-04-04 19:08:26,379 - telethon.client.updates - INFO - Got difference for account updates
2025-04-04 19:09:13,825 - telethon.network.mtprotosender - INFO - Connecting to 91.108.56.103:443/TcpFull...
2025-04-04 19:09:13,921 - telethon.network.mtprotosender - INFO - Connection to 91.108.56.103:443/TcpFull complete!
2025-04-04 19:09:14,362 - pyrogram.parser.html - INFO - Unclosed tags: <pre> (x1)
2025-04-04 19:09:14,486 - telethon.network.mtprotosender - INFO - Disconnecting from 91.108.56.103:443/TcpFull...
2025-04-04 19:09:14,489 - telethon.network.mtprotosender - INFO - Disconnection from 91.108.56.103:443/TcpFull complete!
2025-04-04 19:17:05,020 - telethon.client.updates - INFO - Got difference for account updates
2025-04-04 21:14:07,192 - pyrogram.session.session - INFO - NetworkTask stopped
2025-04-04 21:14:07,194 - pyrogram.session.session - INFO - PingTask stopped
2025-04-04 21:14:07,194 - pyrogram.connection.transport.tcp.tcp - INFO - Close exception: ConnectionResetError [Errno 54] Connection reset by peer
2025-04-04 21:14:07,194 - pyrogram.connection.connection - INFO - Disconnected
2025-04-04 21:14:07,197 - pyrogram.session.session - INFO - Session stopped
2025-04-04 21:14:07,198 - pyrogram.connection.connection - INFO - Connecting...
2025-04-04 21:14:07,292 - pyrogram.connection.connection - INFO - Connected! Production DC5 - IPv4
2025-04-04 21:14:07,293 - pyrogram.session.session - INFO - NetworkTask started
2025-04-04 21:14:07,741 - pyrogram.session.session - INFO - Session initialized: Layer 158
2025-04-04 21:14:07,741 - pyrogram.session.session - INFO - Device: CPython 3.13.2 - Pyrogram 2.0.106
2025-04-04 21:14:07,741 - pyrogram.session.session - INFO - System: Darwin 24.3.0 (en)
2025-04-04 21:14:07,741 - pyrogram.session.session - INFO - Session started
2025-04-04 21:14:07,742 - pyrogram.session.session - INFO - PingTask started
2025-04-04 21:50:35,762 - pyrogram.session.session - INFO - NetworkTask stopped
2025-04-04 21:50:35,764 - pyrogram.session.session - INFO - PingTask stopped
2025-04-04 21:50:35,765 - pyrogram.connection.transport.tcp.tcp - INFO - Close exception: ConnectionResetError [Errno 54] Connection reset by peer
2025-04-04 21:50:35,765 - pyrogram.connection.connection - INFO - Disconnected
2025-04-04 21:50:35,765 - pyrogram.session.session - INFO - Session stopped
2025-04-04 21:50:35,765 - pyrogram.connection.connection - INFO - Connecting...
2025-04-04 21:50:35,820 - telethon.network.mtprotostate - WARNING - Server sent a very old message with ID 7489491976338169857, ignoring (see FAQ for details)
2025-04-04 21:50:35,867 - pyrogram.connection.connection - INFO - Connected! Production DC5 - IPv4
2025-04-04 21:50:35,868 - pyrogram.session.session - INFO - NetworkTask started
2025-04-04 21:50:36,514 - pyrogram.session.session - INFO - Session initialized: Layer 158
2025-04-04 21:50:36,514 - pyrogram.session.session - INFO - Device: CPython 3.13.2 - Pyrogram 2.0.106
2025-04-04 21:50:36,515 - pyrogram.session.session - INFO - System: Darwin 24.3.0 (en)
2025-04-04 21:50:36,515 - pyrogram.session.session - INFO - Session started
2025-04-04 21:50:36,515 - pyrogram.session.session - INFO - PingTask started
2025-04-04 21:51:07,067 - pyrogram.dispatcher - ERROR - Telegram says: [400 QUERY_ID_INVALID] - The callback query id is invalid (caused by "messages.SetBotCallbackAnswer")
Traceback (most recent call last):
  File "/Users/divyanshchugh/Desktop/chat bot/venv/lib/python3.13/site-packages/pyrogram/dispatcher.py", line 240, in handler_worker
    await handler.callback(self.client, *args)
  File "/Users/divyanshchugh/Desktop/chat bot/user_bot.py", line 3453, in handle_recharge
    await callback_query.answer()
  File "/Users/divyanshchugh/Desktop/chat bot/venv/lib/python3.13/site-packages/pyrogram/types/bots_and_keyboards/callback_query.py", line 159, in answer
    return await self._client.answer_callback_query(
           ^^^^^^^^^^^^^^^^^^^^^^^^^^^^^^^^^^^^^^^^^
    ...<5 lines>...
    )
    ^
  File "/Users/divyanshchugh/Desktop/chat bot/venv/lib/python3.13/site-packages/pyrogram/methods/bots/answer_callback_query.py", line 73, in answer_callback_query
    return await self.invoke(
           ^^^^^^^^^^^^^^^^^^
    ...<7 lines>...
    )
    ^
  File "/Users/divyanshchugh/Desktop/chat bot/venv/lib/python3.13/site-packages/pyrogram/methods/advanced/invoke.py", line 79, in invoke
    r = await self.session.invoke(
        ^^^^^^^^^^^^^^^^^^^^^^^^^^
    ...<4 lines>...
    )
    ^
  File "/Users/divyanshchugh/Desktop/chat bot/venv/lib/python3.13/site-packages/pyrogram/session/session.py", line 389, in invoke
    return await self.send(query, timeout=timeout)
           ^^^^^^^^^^^^^^^^^^^^^^^^^^^^^^^^^^^^^^^
  File "/Users/divyanshchugh/Desktop/chat bot/venv/lib/python3.13/site-packages/pyrogram/session/session.py", line 357, in send
    RPCError.raise_it(result, type(data))
    ~~~~~~~~~~~~~~~~~^^^^^^^^^^^^^^^^^^^^
  File "/Users/divyanshchugh/Desktop/chat bot/venv/lib/python3.13/site-packages/pyrogram/errors/rpc_error.py", line 91, in raise_it
    raise getattr(
    ...<5 lines>...
      is_signed=is_signed)
pyrogram.errors.exceptions.bad_request_400.QueryIdInvalid: Telegram says: [400 QUERY_ID_INVALID] - The callback query id is invalid (caused by "messages.SetBotCallbackAnswer")
2025-04-04 21:51:52,472 - telethon.client.updates - INFO - Got difference for account updates
2025-04-04 21:55:35,149 - pyrogram.session.session - INFO - NetworkTask stopped
2025-04-04 21:55:35,151 - pyrogram.session.session - INFO - PingTask stopped
2025-04-04 21:55:35,151 - pyrogram.connection.transport.tcp.tcp - INFO - Close exception: ConnectionResetError [Errno 54] Connection reset by peer
2025-04-04 21:55:35,151 - pyrogram.connection.connection - INFO - Disconnected
2025-04-04 21:55:35,152 - pyrogram.session.session - INFO - Session stopped
2025-04-04 21:55:35,152 - pyrogram.connection.connection - INFO - Connecting...
2025-04-04 21:55:35,256 - pyrogram.connection.connection - INFO - Connected! Production DC5 - IPv4
2025-04-04 21:55:35,257 - pyrogram.session.session - INFO - NetworkTask started
2025-04-04 21:55:35,755 - pyrogram.session.session - INFO - Session initialized: Layer 158
2025-04-04 21:55:35,755 - pyrogram.session.session - INFO - Device: CPython 3.13.2 - Pyrogram 2.0.106
2025-04-04 21:55:35,755 - pyrogram.session.session - INFO - System: Darwin 24.3.0 (en)
2025-04-04 21:55:35,755 - pyrogram.session.session - INFO - Session started
2025-04-04 21:55:35,756 - pyrogram.session.session - INFO - PingTask started
2025-04-04 21:55:35,860 - pyrogram.dispatcher - ERROR - Telegram says: [400 QUERY_ID_INVALID] - The callback query id is invalid (caused by "messages.SetBotCallbackAnswer")
Traceback (most recent call last):
  File "/Users/divyanshchugh/Desktop/chat bot/venv/lib/python3.13/site-packages/pyrogram/dispatcher.py", line 240, in handler_worker
    await handler.callback(self.client, *args)
  File "/Users/divyanshchugh/Desktop/chat bot/user_bot.py", line 2950, in handle_country_selection
    await callback_query.answer()
  File "/Users/divyanshchugh/Desktop/chat bot/venv/lib/python3.13/site-packages/pyrogram/types/bots_and_keyboards/callback_query.py", line 159, in answer
    return await self._client.answer_callback_query(
           ^^^^^^^^^^^^^^^^^^^^^^^^^^^^^^^^^^^^^^^^^
    ...<5 lines>...
    )
    ^
  File "/Users/divyanshchugh/Desktop/chat bot/venv/lib/python3.13/site-packages/pyrogram/methods/bots/answer_callback_query.py", line 73, in answer_callback_query
    return await self.invoke(
           ^^^^^^^^^^^^^^^^^^
    ...<7 lines>...
    )
    ^
  File "/Users/divyanshchugh/Desktop/chat bot/venv/lib/python3.13/site-packages/pyrogram/methods/advanced/invoke.py", line 79, in invoke
    r = await self.session.invoke(
        ^^^^^^^^^^^^^^^^^^^^^^^^^^
    ...<4 lines>...
    )
    ^
  File "/Users/divyanshchugh/Desktop/chat bot/venv/lib/python3.13/site-packages/pyrogram/session/session.py", line 389, in invoke
    return await self.send(query, timeout=timeout)
           ^^^^^^^^^^^^^^^^^^^^^^^^^^^^^^^^^^^^^^^
  File "/Users/divyanshchugh/Desktop/chat bot/venv/lib/python3.13/site-packages/pyrogram/session/session.py", line 357, in send
    RPCError.raise_it(result, type(data))
    ~~~~~~~~~~~~~~~~~^^^^^^^^^^^^^^^^^^^^
  File "/Users/divyanshchugh/Desktop/chat bot/venv/lib/python3.13/site-packages/pyrogram/errors/rpc_error.py", line 91, in raise_it
    raise getattr(
    ...<5 lines>...
      is_signed=is_signed)
pyrogram.errors.exceptions.bad_request_400.QueryIdInvalid: Telegram says: [400 QUERY_ID_INVALID] - The callback query id is invalid (caused by "messages.SetBotCallbackAnswer")
2025-04-04 21:55:35,867 - pyrogram.dispatcher - ERROR - Telegram says: [400 QUERY_ID_INVALID] - The callback query id is invalid (caused by "messages.SetBotCallbackAnswer")
Traceback (most recent call last):
  File "/Users/divyanshchugh/Desktop/chat bot/venv/lib/python3.13/site-packages/pyrogram/dispatcher.py", line 240, in handler_worker
    await handler.callback(self.client, *args)
  File "/Users/divyanshchugh/Desktop/chat bot/user_bot.py", line 2950, in handle_country_selection
    await callback_query.answer()
  File "/Users/divyanshchugh/Desktop/chat bot/venv/lib/python3.13/site-packages/pyrogram/types/bots_and_keyboards/callback_query.py", line 159, in answer
    return await self._client.answer_callback_query(
           ^^^^^^^^^^^^^^^^^^^^^^^^^^^^^^^^^^^^^^^^^
    ...<5 lines>...
    )
    ^
  File "/Users/divyanshchugh/Desktop/chat bot/venv/lib/python3.13/site-packages/pyrogram/methods/bots/answer_callback_query.py", line 73, in answer_callback_query
    return await self.invoke(
           ^^^^^^^^^^^^^^^^^^
    ...<7 lines>...
    )
    ^
  File "/Users/divyanshchugh/Desktop/chat bot/venv/lib/python3.13/site-packages/pyrogram/methods/advanced/invoke.py", line 79, in invoke
    r = await self.session.invoke(
        ^^^^^^^^^^^^^^^^^^^^^^^^^^
    ...<4 lines>...
    )
    ^
  File "/Users/divyanshchugh/Desktop/chat bot/venv/lib/python3.13/site-packages/pyrogram/session/session.py", line 389, in invoke
    return await self.send(query, timeout=timeout)
           ^^^^^^^^^^^^^^^^^^^^^^^^^^^^^^^^^^^^^^^
  File "/Users/divyanshchugh/Desktop/chat bot/venv/lib/python3.13/site-packages/pyrogram/session/session.py", line 357, in send
    RPCError.raise_it(result, type(data))
    ~~~~~~~~~~~~~~~~~^^^^^^^^^^^^^^^^^^^^
  File "/Users/divyanshchugh/Desktop/chat bot/venv/lib/python3.13/site-packages/pyrogram/errors/rpc_error.py", line 91, in raise_it
    raise getattr(
    ...<5 lines>...
      is_signed=is_signed)
pyrogram.errors.exceptions.bad_request_400.QueryIdInvalid: Telegram says: [400 QUERY_ID_INVALID] - The callback query id is invalid (caused by "messages.SetBotCallbackAnswer")
2025-04-04 21:55:35,871 - pyrogram.dispatcher - ERROR - Telegram says: [400 QUERY_ID_INVALID] - The callback query id is invalid (caused by "messages.SetBotCallbackAnswer")
Traceback (most recent call last):
  File "/Users/divyanshchugh/Desktop/chat bot/venv/lib/python3.13/site-packages/pyrogram/dispatcher.py", line 240, in handler_worker
    await handler.callback(self.client, *args)
  File "/Users/divyanshchugh/Desktop/chat bot/user_bot.py", line 2950, in handle_country_selection
    await callback_query.answer()
  File "/Users/divyanshchugh/Desktop/chat bot/venv/lib/python3.13/site-packages/pyrogram/types/bots_and_keyboards/callback_query.py", line 159, in answer
    return await self._client.answer_callback_query(
           ^^^^^^^^^^^^^^^^^^^^^^^^^^^^^^^^^^^^^^^^^
    ...<5 lines>...
    )
    ^
  File "/Users/divyanshchugh/Desktop/chat bot/venv/lib/python3.13/site-packages/pyrogram/methods/bots/answer_callback_query.py", line 73, in answer_callback_query
    return await self.invoke(
           ^^^^^^^^^^^^^^^^^^
    ...<7 lines>...
    )
    ^
  File "/Users/divyanshchugh/Desktop/chat bot/venv/lib/python3.13/site-packages/pyrogram/methods/advanced/invoke.py", line 79, in invoke
    r = await self.session.invoke(
        ^^^^^^^^^^^^^^^^^^^^^^^^^^
    ...<4 lines>...
    )
    ^
  File "/Users/divyanshchugh/Desktop/chat bot/venv/lib/python3.13/site-packages/pyrogram/session/session.py", line 389, in invoke
    return await self.send(query, timeout=timeout)
           ^^^^^^^^^^^^^^^^^^^^^^^^^^^^^^^^^^^^^^^
  File "/Users/divyanshchugh/Desktop/chat bot/venv/lib/python3.13/site-packages/pyrogram/session/session.py", line 357, in send
    RPCError.raise_it(result, type(data))
    ~~~~~~~~~~~~~~~~~^^^^^^^^^^^^^^^^^^^^
  File "/Users/divyanshchugh/Desktop/chat bot/venv/lib/python3.13/site-packages/pyrogram/errors/rpc_error.py", line 91, in raise_it
    raise getattr(
    ...<5 lines>...
      is_signed=is_signed)
pyrogram.errors.exceptions.bad_request_400.QueryIdInvalid: Telegram says: [400 QUERY_ID_INVALID] - The callback query id is invalid (caused by "messages.SetBotCallbackAnswer")
2025-04-04 21:55:35,874 - pyrogram.dispatcher - ERROR - Telegram says: [400 QUERY_ID_INVALID] - The callback query id is invalid (caused by "messages.SetBotCallbackAnswer")
Traceback (most recent call last):
  File "/Users/divyanshchugh/Desktop/chat bot/venv/lib/python3.13/site-packages/pyrogram/dispatcher.py", line 240, in handler_worker
    await handler.callback(self.client, *args)
  File "/Users/divyanshchugh/Desktop/chat bot/user_bot.py", line 2950, in handle_country_selection
    await callback_query.answer()
  File "/Users/divyanshchugh/Desktop/chat bot/venv/lib/python3.13/site-packages/pyrogram/types/bots_and_keyboards/callback_query.py", line 159, in answer
    return await self._client.answer_callback_query(
           ^^^^^^^^^^^^^^^^^^^^^^^^^^^^^^^^^^^^^^^^^
    ...<5 lines>...
    )
    ^
  File "/Users/divyanshchugh/Desktop/chat bot/venv/lib/python3.13/site-packages/pyrogram/methods/bots/answer_callback_query.py", line 73, in answer_callback_query
    return await self.invoke(
           ^^^^^^^^^^^^^^^^^^
    ...<7 lines>...
    )
    ^
  File "/Users/divyanshchugh/Desktop/chat bot/venv/lib/python3.13/site-packages/pyrogram/methods/advanced/invoke.py", line 79, in invoke
    r = await self.session.invoke(
        ^^^^^^^^^^^^^^^^^^^^^^^^^^
    ...<4 lines>...
    )
    ^
  File "/Users/divyanshchugh/Desktop/chat bot/venv/lib/python3.13/site-packages/pyrogram/session/session.py", line 389, in invoke
    return await self.send(query, timeout=timeout)
           ^^^^^^^^^^^^^^^^^^^^^^^^^^^^^^^^^^^^^^^
  File "/Users/divyanshchugh/Desktop/chat bot/venv/lib/python3.13/site-packages/pyrogram/session/session.py", line 357, in send
    RPCError.raise_it(result, type(data))
    ~~~~~~~~~~~~~~~~~^^^^^^^^^^^^^^^^^^^^
  File "/Users/divyanshchugh/Desktop/chat bot/venv/lib/python3.13/site-packages/pyrogram/errors/rpc_error.py", line 91, in raise_it
    raise getattr(
    ...<5 lines>...
      is_signed=is_signed)
pyrogram.errors.exceptions.bad_request_400.QueryIdInvalid: Telegram says: [400 QUERY_ID_INVALID] - The callback query id is invalid (caused by "messages.SetBotCallbackAnswer")
2025-04-04 22:01:18,901 - __main__ - INFO - Processing payment screenshot from user 7732170703, payment ID: 67f0094af99d34e17138b6af
2025-04-04 22:01:18,903 - __main__ - INFO - Sending admin notification to 7536665814
2025-04-04 22:01:19,098 - __main__ - INFO - Admin notification sent successfully
2025-04-04 22:01:19,327 - __main__ - INFO - Payment screenshot forwarded to admin
2025-04-04 22:01:48,594 - __main__ - INFO - Admin approval callback received: approve_7732170703_67f0094af99d34e17138b6af
2025-04-04 22:02:31,559 - telethon.client.updates - INFO - Got difference for account updates
2025-04-04 22:04:35,664 - telethon.client.updates - INFO - Got difference for account updates
2025-04-04 23:35:18,668 - __main__ - INFO - Processing payment screenshot from user 1316516749, payment ID: 67f01f04f99d34e17138b6b4
2025-04-04 23:35:18,674 - __main__ - INFO - Sending admin notification to 7536665814
2025-04-04 23:35:18,814 - __main__ - INFO - Admin notification sent successfully
2025-04-04 23:35:18,943 - __main__ - INFO - Payment screenshot forwarded to admin
2025-04-04 23:35:48,021 - __main__ - INFO - Admin approval callback received: approve_1316516749_67f01f04f99d34e17138b6b4
2025-04-04 23:35:48,053 - telethon.network.mtprotosender - INFO - Connecting to 91.108.56.103:443/TcpFull...
2025-04-04 23:35:48,208 - telethon.network.mtprotosender - INFO - Connection to 91.108.56.103:443/TcpFull complete!
2025-04-04 23:42:39,683 - pyrogram.session.session - INFO - NetworkTask stopped
2025-04-04 23:42:39,700 - pyrogram.session.session - INFO - PingTask stopped
2025-04-04 23:42:39,718 - pyrogram.connection.transport.tcp.tcp - INFO - Close exception: ConnectionResetError [Errno 54] Connection reset by peer
2025-04-04 23:42:39,718 - pyrogram.connection.connection - INFO - Disconnected
2025-04-04 23:42:39,718 - pyrogram.session.session - INFO - Session stopped
2025-04-04 23:42:39,718 - pyrogram.connection.connection - INFO - Connecting...
2025-04-04 23:42:39,838 - pyrogram.connection.connection - INFO - Connected! Production DC5 - IPv4
2025-04-04 23:42:39,838 - pyrogram.session.session - INFO - NetworkTask started
2025-04-04 23:42:40,379 - pyrogram.session.session - INFO - Session initialized: Layer 158
2025-04-04 23:42:40,379 - pyrogram.session.session - INFO - Device: CPython 3.13.2 - Pyrogram 2.0.106
2025-04-04 23:42:40,379 - pyrogram.session.session - INFO - System: Darwin 24.3.0 (en)
2025-04-04 23:42:40,379 - pyrogram.session.session - INFO - Session started
2025-04-04 23:42:40,379 - pyrogram.session.session - INFO - PingTask started
2025-04-04 23:52:13,325 - pyrogram.dispatcher - ERROR - name 'prices' is not defined
Traceback (most recent call last):
  File "/Users/divyanshchugh/Desktop/chat bot/venv/lib/python3.13/site-packages/pyrogram/dispatcher.py", line 240, in handler_worker
    await handler.callback(self.client, *args)
  File "/Users/divyanshchugh/Desktop/chat bot/user_bot.py", line 7486, in admin_customer_list
    price = prices.get(order["country"], {}).get(order["plan"], 0)
            ^^^^^^
NameError: name 'prices' is not defined
2025-04-04 23:52:17,082 - pyrogram.dispatcher - ERROR - name 'prices' is not defined
Traceback (most recent call last):
  File "/Users/divyanshchugh/Desktop/chat bot/venv/lib/python3.13/site-packages/pyrogram/dispatcher.py", line 240, in handler_worker
    await handler.callback(self.client, *args)
  File "/Users/divyanshchugh/Desktop/chat bot/user_bot.py", line 7486, in admin_customer_list
    price = prices.get(order["country"], {}).get(order["plan"], 0)
            ^^^^^^
NameError: name 'prices' is not defined
